<?xml version="1.0" encoding="UTF-8"?>
<!-- Generated by org.testng.reporters.JUnitReportReporter -->
<testsuite skipped="0" hostname="BLT1019" name="com.testcases.BookingsTickets$BookingTickets" tests="1" failures="0" timestamp="7 Mar 2020 09:17:43 GMT" time="3.583" errors="0">
  <testcase name="booking" time="3.583" classname="com.testcases.BookingsTickets$BookingTickets"/>
</testsuite> <!-- com.testcases.BookingsTickets$BookingTickets -->
